<?xml version="1.0" encoding="UTF-8"?>
<!-- Generated by org.testng.reporters.JUnitXMLReporter -->
<testsuite hostname="MJ0375M6" name="GuestUser" tests="1" failures="1" timestamp="6 Apr 2017 22:43:15 GMT" time="38.224" errors="0">
  <testcase name="guestUserCheckout" time="32.06" classname="llbean.tests.HappyPath1">
    <failure type="java.lang.AssertionError" message="HomePage Title is Not Displayed expected [true] but found [false]">
      <![CDATA[java.lang.AssertionError: HomePage Title is Not Displayed expected [true] but found [false]
	at llbean.tests.HappyPath1.guestUserCheckout(HappyPath1.java:25)
	at org.apache.maven.surefire.testng.TestNGExecutor.run(TestNGExecutor.java:295)
	at org.apache.maven.surefire.testng.TestNGXmlTestSuite.execute(TestNGXmlTestSuite.java:84)
	at org.apache.maven.surefire.testng.TestNGProvider.invoke(TestNGProvider.java:90)
	at org.apache.maven.surefire.booter.ForkedBooter.invokeProviderInSameClassLoader(ForkedBooter.java:203)
	at org.apache.maven.surefire.booter.ForkedBooter.runSuitesInProcess(ForkedBooter.java:155)
	at org.apache.maven.surefire.booter.ForkedBooter.main(ForkedBooter.java:103)
... Removed 24 stack frames]]>
    </failure>
  </testcase> <!-- guestUserCheckout -->
</testsuite> <!-- GuestUser -->
