<?xml version="1.0" encoding="UTF-8"?>
<testng-results skipped="0" failed="0" total="1" passed="1">
  <reporter-output>
  </reporter-output>
  <suite name="Regression" duration-ms="22742" started-at="2017-04-05T02:07:48Z" finished-at="2017-04-05T02:08:11Z">
    <groups>
    </groups>
    <test name="GuestUser" duration-ms="22742" started-at="2017-04-05T02:07:48Z" finished-at="2017-04-05T02:08:11Z">
      <class name="llbean.tests.HappyPath1">
        <test-method status="PASS" signature="setup()[pri:0, instance:llbean.tests.HappyPath1@1c025cb]" name="setup" is-config="true" duration-ms="21031" started-at="2017-04-04T22:07:27Z" finished-at="2017-04-04T22:07:48Z">
          <reporter-output>
          </reporter-output>
        </test-method> <!-- setup -->
        <test-method status="PASS" signature="guestUserCheckout()[pri:0, instance:llbean.tests.HappyPath1@1c025cb]" name="guestUserCheckout" duration-ms="22671" started-at="2017-04-04T22:07:48Z" finished-at="2017-04-04T22:08:11Z">
          <reporter-output>
          </reporter-output>
        </test-method> <!-- guestUserCheckout -->
        <test-method status="PASS" signature="teardown()[pri:0, instance:llbean.tests.HappyPath1@1c025cb]" name="teardown" is-config="true" duration-ms="1070" started-at="2017-04-04T22:08:11Z" finished-at="2017-04-04T22:08:12Z">
          <reporter-output>
          </reporter-output>
        </test-method> <!-- teardown -->
      </class> <!-- llbean.tests.HappyPath1 -->
    </test> <!-- GuestUser -->
  </suite> <!-- Regression -->
</testng-results>
